[INFO ] 2023-04-28 12:54:35.030 LoginPage:33 - Username Is standard_user
[INFO ] 2023-04-28 12:54:35.321 LoginPage:35 - Password Is secret_sauce
[INFO ] 2023-04-28 12:54:35.668 ProductPage:45 - Get Product list
[INFO ] 2023-04-28 12:54:35.759 ProductPage:45 - Get Product list
[INFO ] 2023-04-28 12:54:35.985 ProductPage:53 - Get product name Sauce Labs Fleece Jacket
[INFO ] 2023-04-28 12:54:36.058 ProductPage:61 - Add product to cart Sauce Labs Fleece Jacket
[INFO ] 2023-04-28 12:54:44.705 LoginPage:33 - Username Is standard_user
[INFO ] 2023-04-28 12:54:45.056 LoginPage:35 - Password Is invalid
[INFO ] 2023-04-28 12:54:45.460 LoginPage:42 - Get alert text
[INFO ] 2023-04-28 12:54:49.828 LoginPage:33 - Username Is standard_user
[INFO ] 2023-04-28 12:54:50.244 LoginPage:35 - Password Is secret_sauce
[INFO ] 2023-04-28 21:42:46.947 LoginPage:33 - Username Is standard_user
[INFO ] 2023-04-28 21:42:47.308 LoginPage:35 - Password Is secret_sauce
[INFO ] 2023-04-28 21:42:47.798 ProductPage:45 - Get Product list
[INFO ] 2023-04-28 21:42:48.049 ProductPage:45 - Get Product list
[INFO ] 2023-04-28 21:42:48.578 ProductPage:53 - Get product name Sauce Labs Fleece Jacket
[INFO ] 2023-04-28 21:42:48.702 ProductPage:61 - Add product to cart Sauce Labs Fleece Jacket
[INFO ] 2023-04-28 21:42:58.143 LoginPage:33 - Username Is standard_user
[INFO ] 2023-04-28 21:42:58.448 LoginPage:35 - Password Is invalid
[INFO ] 2023-04-28 21:42:58.907 LoginPage:42 - Get alert text
[INFO ] 2023-04-28 21:43:03.080 LoginPage:33 - Username Is standard_user
[INFO ] 2023-04-28 21:43:03.257 LoginPage:35 - Password Is secret_sauce
[INFO ] 2023-04-28 21:45:23.595 LoginPage:33 - Username Is standard_user
[INFO ] 2023-04-28 21:45:23.595 LoginPage:33 - Username Is standard_user
[INFO ] 2023-04-28 21:45:24.081 LoginPage:35 - Password Is secret_sauce
[INFO ] 2023-04-28 21:45:24.083 LoginPage:35 - Password Is invalid
[INFO ] 2023-04-28 21:45:24.948 LoginPage:42 - Get alert text
[INFO ] 2023-04-28 21:45:25.192 ProductPage:45 - Get Product list
[INFO ] 2023-04-28 21:45:25.866 ProductPage:45 - Get Product list
[INFO ] 2023-04-28 21:45:26.608 ProductPage:53 - Get product name Sauce Labs Fleece Jacket
[INFO ] 2023-04-28 21:45:26.750 ProductPage:61 - Add product to cart Sauce Labs Fleece Jacket
[INFO ] 2023-04-28 21:45:31.044 LoginPage:33 - Username Is standard_user
[INFO ] 2023-04-28 21:45:31.270 LoginPage:35 - Password Is secret_sauce
[INFO ] 2023-04-28 21:48:57.308 LoginPage:33 - Username Is standard_user
[INFO ] 2023-04-28 21:48:57.308 LoginPage:33 - Username Is standard_user
[INFO ] 2023-04-28 21:48:57.779 LoginPage:35 - Password Is secret_sauce
[INFO ] 2023-04-28 21:48:57.783 LoginPage:35 - Password Is invalid
[INFO ] 2023-04-28 21:48:58.392 LoginPage:42 - Get alert text
[INFO ] 2023-04-28 21:48:58.583 ProductPage:45 - Get Product list
[INFO ] 2023-04-28 21:48:59.029 ProductPage:45 - Get Product list
[INFO ] 2023-04-28 21:48:59.981 ProductPage:53 - Get product name Sauce Labs Fleece Jacket
[INFO ] 2023-04-28 21:49:00.229 ProductPage:61 - Add product to cart Sauce Labs Fleece Jacket
[INFO ] 2023-04-28 21:49:03.553 LoginPage:33 - Username Is standard_user
[INFO ] 2023-04-28 21:49:03.918 LoginPage:35 - Password Is secret_sauce
